<?xml version="1.0" encoding="UTF-8"?>
<!-- Generated by org.testng.reporters.JUnitReportReporter -->
<testsuite skipped="0" hostname="SAGAR-AHUJA" name="com.crm.qa.test.SignUpPageTest" tests="1" failures="0" timestamp="23 Nov 2018 10:13:09 GMT" time="19.737" errors="0">
  <testcase name="enterDetailsTest" time="19.737" classname="com.crm.qa.test.SignUpPageTest"/>
</testsuite> <!-- com.crm.qa.test.SignUpPageTest -->
