<?xml version="1.0" encoding="UTF-8"?>
<!-- Generated by org.testng.reporters.JUnitReportReporter -->
<testsuite skipped="0" hostname="SAGAR-AHUJA" name="com.crm.qa.test.ContactsPageTest" tests="5" failures="0" timestamp="24 Nov 2018 10:35:20 GMT" time="114.164" errors="0">
  <testcase name="userIDTextTest" time="18.639" classname="com.crm.qa.test.ContactsPageTest"/>
  <testcase name="checkBoxSelectionTest" time="17.862" classname="com.crm.qa.test.ContactsPageTest"/>
  <testcase name="createNewContactTest" time="27.640" classname="com.crm.qa.test.ContactsPageTest"/>
  <testcase name="createNewContactTest" time="23.969" classname="com.crm.qa.test.ContactsPageTest"/>
  <testcase name="createNewContactTest" time="26.054" classname="com.crm.qa.test.ContactsPageTest"/>
</testsuite> <!-- com.crm.qa.test.ContactsPageTest -->
