<?xml version="1.0" encoding="UTF-8"?>
<!-- Generated by org.testng.reporters.JUnitReportReporter -->
<testsuite skipped="0" hostname="SAGAR-AHUJA" name="com.crm.qa.test.LoginPageTest" tests="3" failures="0" timestamp="22 Nov 2018 08:42:29 GMT" time="40.204" errors="0">
  <testcase name="titleTest" time="12.110" classname="com.crm.qa.test.LoginPageTest"/>
  <testcase name="logoTest" time="11.196" classname="com.crm.qa.test.LoginPageTest"/>
  <testcase name="loginTest" time="16.898" classname="com.crm.qa.test.LoginPageTest"/>
</testsuite> <!-- com.crm.qa.test.LoginPageTest -->
